JPushExample(1492735)/build/outputs/logs/manifest-merger-debug-report.txt
-- Merging decision tree log ---
manifest
ADDED from BeijingNews\JPushExample(1492735)\AndroidManifest.xml:2:1-198:12
INJECTED from BeijingNews\JPushExample(1492735)\AndroidManifest.xml:2:1-198:12
INJECTED from BeijingNews\JPushExample(1492735)\AndroidManifest.xml:2:1-198:12
INJECTED from BeijingNews\JPushExample(1492735)\AndroidManifest.xml:2:1-198:12
INJECTED from BeijingNews\JPushExample(1492735)\AndroidManifest.xml:2:1-198:12
	package
		ADDED from BeijingNews\JPushExample(1492735)\AndroidManifest.xml:3:5-43
	android:versionName
		ADDED from BeijingNews\JPushExample(1492735)\AndroidManifest.xml:5:5-32
		INJECTED from BeijingNews\JPushExample(1492735)\AndroidManifest.xml
		INJECTED from BeijingNews\JPushExample(1492735)\AndroidManifest.xml
	xmlns:android
		ADDED from BeijingNews\JPushExample(1492735)\AndroidManifest.xml:2:11-69
	android:versionCode
		ADDED from BeijingNews\JPushExample(1492735)\AndroidManifest.xml:4:5-30
		INJECTED from BeijingNews\JPushExample(1492735)\AndroidManifest.xml
		INJECTED from BeijingNews\JPushExample(1492735)\AndroidManifest.xml
uses-sdk
ADDED from BeijingNews\JPushExample(1492735)\AndroidManifest.xml:7:5-47
INJECTED from BeijingNews\JPushExample(1492735)\AndroidManifest.xml:7:5-47
INJECTED from BeijingNews\JPushExample(1492735)\AndroidManifest.xml:7:5-47
	android:targetSdkVersion
		ADDED from BeijingNews\JPushExample(1492735)\AndroidManifest.xml:7:15-44
	android:minSdkVersion
		INJECTED from BeijingNews\JPushExample(1492735)\AndroidManifest.xml
		ADDED from BeijingNews\JPushExample(1492735)\AndroidManifest.xml:7:5-47
		INJECTED from BeijingNews\JPushExample(1492735)\AndroidManifest.xml
permission#android.pims.com.beijingnews.permission.JPUSH_MESSAGE
ADDED from BeijingNews\JPushExample(1492735)\AndroidManifest.xml:10:5-12:47
	android:protectionLevel
		ADDED from BeijingNews\JPushExample(1492735)\AndroidManifest.xml:12:9-44
	android:name
		ADDED from BeijingNews\JPushExample(1492735)\AndroidManifest.xml:11:9-77
uses-permission#android.pims.com.beijingnews.permission.JPUSH_MESSAGE
ADDED from BeijingNews\JPushExample(1492735)\AndroidManifest.xml:15:5-93
	android:name
		ADDED from BeijingNews\JPushExample(1492735)\AndroidManifest.xml:15:22-90
uses-permission#android.permission.RECEIVE_USER_PRESENT
ADDED from BeijingNews\JPushExample(1492735)\AndroidManifest.xml:16:5-79
	android:name
		ADDED from BeijingNews\JPushExample(1492735)\AndroidManifest.xml:16:22-76
uses-permission#android.permission.INTERNET
ADDED from BeijingNews\JPushExample(1492735)\AndroidManifest.xml:17:5-67
	android:name
		ADDED from BeijingNews\JPushExample(1492735)\AndroidManifest.xml:17:22-64
uses-permission#android.permission.READ_PHONE_STATE
ADDED from BeijingNews\JPushExample(1492735)\AndroidManifest.xml:18:5-75
	android:name
		ADDED from BeijingNews\JPushExample(1492735)\AndroidManifest.xml:18:22-72
uses-permission#android.permission.WRITE_EXTERNAL_STORAGE
ADDED from BeijingNews\JPushExample(1492735)\AndroidManifest.xml:19:5-81
	android:name
		ADDED from BeijingNews\JPushExample(1492735)\AndroidManifest.xml:19:22-78
uses-permission#android.permission.READ_EXTERNAL_STORAGE
ADDED from BeijingNews\JPushExample(1492735)\AndroidManifest.xml:20:5-80
	android:name
		ADDED from BeijingNews\JPushExample(1492735)\AndroidManifest.xml:20:22-77
uses-permission#android.permission.WRITE_SETTINGS
ADDED from BeijingNews\JPushExample(1492735)\AndroidManifest.xml:21:5-73
	android:name
		ADDED from BeijingNews\JPushExample(1492735)\AndroidManifest.xml:21:22-70
uses-permission#android.permission.MOUNT_UNMOUNT_FILESYSTEMS
ADDED from BeijingNews\JPushExample(1492735)\AndroidManifest.xml:22:5-84
	android:name
		ADDED from BeijingNews\JPushExample(1492735)\AndroidManifest.xml:22:22-81
uses-permission#android.permission.ACCESS_NETWORK_STATE
ADDED from BeijingNews\JPushExample(1492735)\AndroidManifest.xml:23:5-79
	android:name
		ADDED from BeijingNews\JPushExample(1492735)\AndroidManifest.xml:23:22-76
uses-permission#android.permission.ACCESS_WIFI_STATE
ADDED from BeijingNews\JPushExample(1492735)\AndroidManifest.xml:24:5-76
	android:name
		ADDED from BeijingNews\JPushExample(1492735)\AndroidManifest.xml:24:22-73
uses-permission#android.permission.VIBRATE
ADDED from BeijingNews\JPushExample(1492735)\AndroidManifest.xml:29:5-66
	android:name
		ADDED from BeijingNews\JPushExample(1492735)\AndroidManifest.xml:29:22-63
uses-permission#android.permission.SYSTEM_ALERT_WINDOW
ADDED from BeijingNews\JPushExample(1492735)\AndroidManifest.xml:30:5-78
	android:name
		ADDED from BeijingNews\JPushExample(1492735)\AndroidManifest.xml:30:22-75
uses-permission#android.permission.ACCESS_COARSE_LOCATION
ADDED from BeijingNews\JPushExample(1492735)\AndroidManifest.xml:31:5-81
	android:name
		ADDED from BeijingNews\JPushExample(1492735)\AndroidManifest.xml:31:22-78
uses-permission#android.permission.CHANGE_WIFI_STATE
ADDED from BeijingNews\JPushExample(1492735)\AndroidManifest.xml:32:5-76
	android:name
		ADDED from BeijingNews\JPushExample(1492735)\AndroidManifest.xml:32:22-73
uses-permission#android.permission.ACCESS_FINE_LOCATION
ADDED from BeijingNews\JPushExample(1492735)\AndroidManifest.xml:33:5-79
	android:name
		ADDED from BeijingNews\JPushExample(1492735)\AndroidManifest.xml:33:22-76
uses-permission#android.permission.ACCESS_LOCATION_EXTRA_COMMANDS
ADDED from BeijingNews\JPushExample(1492735)\AndroidManifest.xml:34:5-89
	android:name
		ADDED from BeijingNews\JPushExample(1492735)\AndroidManifest.xml:34:22-86
uses-permission#android.permission.CHANGE_NETWORK_STATE
ADDED from BeijingNews\JPushExample(1492735)\AndroidManifest.xml:35:5-79
	android:name
		ADDED from BeijingNews\JPushExample(1492735)\AndroidManifest.xml:35:22-76
uses-permission#android.permission.GET_TASKS
ADDED from BeijingNews\JPushExample(1492735)\AndroidManifest.xml:36:5-68
	android:name
		ADDED from BeijingNews\JPushExample(1492735)\AndroidManifest.xml:36:22-65
application
ADDED from BeijingNews\JPushExample(1492735)\AndroidManifest.xml:38:5-197:19
	android:label
		ADDED from BeijingNews\JPushExample(1492735)\AndroidManifest.xml:41:9-41
	android:icon
		ADDED from BeijingNews\JPushExample(1492735)\AndroidManifest.xml:39:9-45
	android:allowBackup
		ADDED from BeijingNews\JPushExample(1492735)\AndroidManifest.xml:40:9-36
	android:name
		ADDED from BeijingNews\JPushExample(1492735)\AndroidManifest.xml:42:9-64
activity#com.example.jpushdemo.MainActivity
ADDED from BeijingNews\JPushExample(1492735)\AndroidManifest.xml:45:9-52:20
	android:label
		ADDED from BeijingNews\JPushExample(1492735)\AndroidManifest.xml:47:13-45
	android:name
		ADDED from BeijingNews\JPushExample(1492735)\AndroidManifest.xml:46:13-62
intent-filter#action:name:android.intent.action.MAIN+category:name:android.intent.category.LAUNCHER
ADDED from BeijingNews\JPushExample(1492735)\AndroidManifest.xml:48:13-51:29
action#android.intent.action.MAIN
ADDED from BeijingNews\JPushExample(1492735)\AndroidManifest.xml:49:17-69
	android:name
		ADDED from BeijingNews\JPushExample(1492735)\AndroidManifest.xml:49:25-66
category#android.intent.category.LAUNCHER
ADDED from BeijingNews\JPushExample(1492735)\AndroidManifest.xml:50:17-77
	android:name
		ADDED from BeijingNews\JPushExample(1492735)\AndroidManifest.xml:50:27-74
activity#com.example.jpushdemo.PushSetActivity
ADDED from BeijingNews\JPushExample(1492735)\AndroidManifest.xml:54:8-115
	android:label
		ADDED from BeijingNews\JPushExample(1492735)\AndroidManifest.xml:54:71-103
	android:name
		ADDED from BeijingNews\JPushExample(1492735)\AndroidManifest.xml:54:18-70
activity#com.example.jpushdemo.SettingActivity
ADDED from BeijingNews\JPushExample(1492735)\AndroidManifest.xml:56:8-115
	android:label
		ADDED from BeijingNews\JPushExample(1492735)\AndroidManifest.xml:56:71-103
	android:name
		ADDED from BeijingNews\JPushExample(1492735)\AndroidManifest.xml:56:18-70
activity#com.example.jpushdemo.TestActivity
ADDED from BeijingNews\JPushExample(1492735)\AndroidManifest.xml:58:9-63:20
	android:exported
		ADDED from BeijingNews\JPushExample(1492735)\AndroidManifest.xml:58:69-93
	android:name
		ADDED from BeijingNews\JPushExample(1492735)\AndroidManifest.xml:58:19-68
intent-filter#action:name:jpush.testAction+category:name:jpush.testCategory
ADDED from BeijingNews\JPushExample(1492735)\AndroidManifest.xml:59:13-62:29
action#jpush.testAction
ADDED from BeijingNews\JPushExample(1492735)\AndroidManifest.xml:60:17-59
	android:name
		ADDED from BeijingNews\JPushExample(1492735)\AndroidManifest.xml:60:25-56
category#jpush.testCategory
ADDED from BeijingNews\JPushExample(1492735)\AndroidManifest.xml:61:17-63
	android:name
		ADDED from BeijingNews\JPushExample(1492735)\AndroidManifest.xml:61:27-60
activity#cn.jpush.android.ui.PopWinActivity
ADDED from BeijingNews\JPushExample(1492735)\AndroidManifest.xml:66:9-70:20
	android:exported
		ADDED from BeijingNews\JPushExample(1492735)\AndroidManifest.xml:69:13-37
	android:theme
		ADDED from BeijingNews\JPushExample(1492735)\AndroidManifest.xml:68:13-49
	android:name
		ADDED from BeijingNews\JPushExample(1492735)\AndroidManifest.xml:67:13-62
activity#cn.jpush.android.ui.PushActivity
ADDED from BeijingNews\JPushExample(1492735)\AndroidManifest.xml:73:9-83:20
	android:exported
		ADDED from BeijingNews\JPushExample(1492735)\AndroidManifest.xml:77:13-37
	android:configChanges
		ADDED from BeijingNews\JPushExample(1492735)\AndroidManifest.xml:75:13-63
	android:theme
		ADDED from BeijingNews\JPushExample(1492735)\AndroidManifest.xml:76:13-60
	android:name
		ADDED from BeijingNews\JPushExample(1492735)\AndroidManifest.xml:74:13-60
intent-filter#action:name:cn.jpush.android.ui.PushActivity+category:name:android.intent.category.DEFAULT+category:name:android.pims.com.beijingnews
ADDED from BeijingNews\JPushExample(1492735)\AndroidManifest.xml:78:13-82:29
action#cn.jpush.android.ui.PushActivity
ADDED from BeijingNews\JPushExample(1492735)\AndroidManifest.xml:79:17-75
	android:name
		ADDED from BeijingNews\JPushExample(1492735)\AndroidManifest.xml:79:25-72
category#android.intent.category.DEFAULT
ADDED from BeijingNews\JPushExample(1492735)\AndroidManifest.xml:80:17-76
	android:name
		ADDED from BeijingNews\JPushExample(1492735)\AndroidManifest.xml:80:27-73
category#android.pims.com.beijingnews
ADDED from BeijingNews\JPushExample(1492735)\AndroidManifest.xml:81:17-73
	android:name
		ADDED from BeijingNews\JPushExample(1492735)\AndroidManifest.xml:81:27-70
service#cn.jpush.android.service.PushService
ADDED from BeijingNews\JPushExample(1492735)\AndroidManifest.xml:87:9-97:19
	android:process
		ADDED from BeijingNews\JPushExample(1492735)\AndroidManifest.xml:89:13-40
	android:exported
		ADDED from BeijingNews\JPushExample(1492735)\AndroidManifest.xml:90:13-37
	android:name
		ADDED from BeijingNews\JPushExample(1492735)\AndroidManifest.xml:88:13-64
intent-filter#action:name:cn.jpush.android.intent.PUSH_TIME+action:name:cn.jpush.android.intent.PushService+action:name:cn.jpush.android.intent.REGISTER+action:name:cn.jpush.android.intent.REPORT
ADDED from BeijingNews\JPushExample(1492735)\AndroidManifest.xml:91:13-96:29
action#cn.jpush.android.intent.REGISTER
ADDED from BeijingNews\JPushExample(1492735)\AndroidManifest.xml:92:17-75
	android:name
		ADDED from BeijingNews\JPushExample(1492735)\AndroidManifest.xml:92:25-72
action#cn.jpush.android.intent.REPORT
ADDED from BeijingNews\JPushExample(1492735)\AndroidManifest.xml:93:17-73
	android:name
		ADDED from BeijingNews\JPushExample(1492735)\AndroidManifest.xml:93:25-70
action#cn.jpush.android.intent.PushService
ADDED from BeijingNews\JPushExample(1492735)\AndroidManifest.xml:94:17-78
	android:name
		ADDED from BeijingNews\JPushExample(1492735)\AndroidManifest.xml:94:25-75
action#cn.jpush.android.intent.PUSH_TIME
ADDED from BeijingNews\JPushExample(1492735)\AndroidManifest.xml:95:17-76
	android:name
		ADDED from BeijingNews\JPushExample(1492735)\AndroidManifest.xml:95:25-73
provider#cn.jpush.android.service.DataProvider
ADDED from BeijingNews\JPushExample(1492735)\AndroidManifest.xml:99:9-104:11
	android:process
		ADDED from BeijingNews\JPushExample(1492735)\AndroidManifest.xml:102:13-40
	android:authorities
		ADDED from BeijingNews\JPushExample(1492735)\AndroidManifest.xml:100:13-76
	android:exported
		ADDED from BeijingNews\JPushExample(1492735)\AndroidManifest.xml:103:13-37
	android:name
		ADDED from BeijingNews\JPushExample(1492735)\AndroidManifest.xml:101:13-65
service#cn.jpush.android.service.DaemonService
ADDED from BeijingNews\JPushExample(1492735)\AndroidManifest.xml:108:9-117:19
	android:enabled
		ADDED from BeijingNews\JPushExample(1492735)\AndroidManifest.xml:110:13-35
	android:exported
		ADDED from BeijingNews\JPushExample(1492735)\AndroidManifest.xml:111:13-36
	android:name
		ADDED from BeijingNews\JPushExample(1492735)\AndroidManifest.xml:109:13-66
intent-filter#action:name:cn.jpush.android.intent.DaemonService+category:name:android.pims.com.beijingnews
ADDED from BeijingNews\JPushExample(1492735)\AndroidManifest.xml:112:13-115:29
action#cn.jpush.android.intent.DaemonService
ADDED from BeijingNews\JPushExample(1492735)\AndroidManifest.xml:113:17-80
	android:name
		ADDED from BeijingNews\JPushExample(1492735)\AndroidManifest.xml:113:25-77
provider#cn.jpush.android.service.DownloadProvider
ADDED from BeijingNews\JPushExample(1492735)\AndroidManifest.xml:119:9-123:11
	android:authorities
		ADDED from BeijingNews\JPushExample(1492735)\AndroidManifest.xml:120:13-80
	android:exported
		ADDED from BeijingNews\JPushExample(1492735)\AndroidManifest.xml:122:13-36
	android:name
		ADDED from BeijingNews\JPushExample(1492735)\AndroidManifest.xml:121:13-69
receiver#cn.jpush.android.service.PushReceiver
ADDED from BeijingNews\JPushExample(1492735)\AndroidManifest.xml:125:9-144:20
	android:enabled
		ADDED from BeijingNews\JPushExample(1492735)\AndroidManifest.xml:127:13-35
	android:exported
		ADDED from BeijingNews\JPushExample(1492735)\AndroidManifest.xml:128:13-37
	android:name
		ADDED from BeijingNews\JPushExample(1492735)\AndroidManifest.xml:126:13-65
intent-filter#action:name:cn.jpush.android.intent.NOTIFICATION_RECEIVED_PROXY+category:name:android.pims.com.beijingnews
ADDED from BeijingNews\JPushExample(1492735)\AndroidManifest.xml:129:13-132:29
	android:priority
		ADDED from BeijingNews\JPushExample(1492735)\AndroidManifest.xml:129:28-51
action#cn.jpush.android.intent.NOTIFICATION_RECEIVED_PROXY
ADDED from BeijingNews\JPushExample(1492735)\AndroidManifest.xml:130:17-94
	android:name
		ADDED from BeijingNews\JPushExample(1492735)\AndroidManifest.xml:130:25-91
intent-filter#action:name:android.intent.action.USER_PRESENT+action:name:android.net.conn.CONNECTIVITY_CHANGE
ADDED from BeijingNews\JPushExample(1492735)\AndroidManifest.xml:133:13-136:29
action#android.intent.action.USER_PRESENT
ADDED from BeijingNews\JPushExample(1492735)\AndroidManifest.xml:134:17-77
	android:name
		ADDED from BeijingNews\JPushExample(1492735)\AndroidManifest.xml:134:25-74
action#android.net.conn.CONNECTIVITY_CHANGE
ADDED from BeijingNews\JPushExample(1492735)\AndroidManifest.xml:135:17-79
	android:name
		ADDED from BeijingNews\JPushExample(1492735)\AndroidManifest.xml:135:25-76
intent-filter#action:name:android.intent.action.PACKAGE_ADDED+action:name:android.intent.action.PACKAGE_REMOVED+data:scheme:package
ADDED from BeijingNews\JPushExample(1492735)\AndroidManifest.xml:138:13-143:29
action#android.intent.action.PACKAGE_ADDED
ADDED from BeijingNews\JPushExample(1492735)\AndroidManifest.xml:139:17-78
	android:name
		ADDED from BeijingNews\JPushExample(1492735)\AndroidManifest.xml:139:25-75
action#android.intent.action.PACKAGE_REMOVED
ADDED from BeijingNews\JPushExample(1492735)\AndroidManifest.xml:140:17-80
	android:name
		ADDED from BeijingNews\JPushExample(1492735)\AndroidManifest.xml:140:25-77
data
ADDED from BeijingNews\JPushExample(1492735)\AndroidManifest.xml:142:17-50
	android:scheme
		ADDED from BeijingNews\JPushExample(1492735)\AndroidManifest.xml:142:23-47
receiver#cn.jpush.android.service.AlarmReceiver
ADDED from BeijingNews\JPushExample(1492735)\AndroidManifest.xml:147:9-99
	android:exported
		ADDED from BeijingNews\JPushExample(1492735)\AndroidManifest.xml:147:73-97
	android:name
		ADDED from BeijingNews\JPushExample(1492735)\AndroidManifest.xml:147:19-72
activity#cn.jpush.android.service.JNotifyActivity
ADDED from BeijingNews\JPushExample(1492735)\AndroidManifest.xml:150:9-159:20
	android:exported
		ADDED from BeijingNews\JPushExample(1492735)\AndroidManifest.xml:152:13-36
	android:theme
		ADDED from BeijingNews\JPushExample(1492735)\AndroidManifest.xml:154:13-72
	android:taskAffinity
		ADDED from BeijingNews\JPushExample(1492735)\AndroidManifest.xml:153:13-48
	android:name
		ADDED from BeijingNews\JPushExample(1492735)\AndroidManifest.xml:151:13-68
intent-filter#action:name:cn.jpush.android.intent.JNotifyActivity+category:name:android.pims.com.beijingnews
ADDED from BeijingNews\JPushExample(1492735)\AndroidManifest.xml:155:13-158:29
action#cn.jpush.android.intent.JNotifyActivity
ADDED from BeijingNews\JPushExample(1492735)\AndroidManifest.xml:156:17-82
	android:name
		ADDED from BeijingNews\JPushExample(1492735)\AndroidManifest.xml:156:25-79
service#com.example.jpushdemo.PushService
ADDED from BeijingNews\JPushExample(1492735)\AndroidManifest.xml:163:10-168:20
	android:process
		ADDED from BeijingNews\JPushExample(1492735)\AndroidManifest.xml:164:18-45
	android:name
		ADDED from BeijingNews\JPushExample(1492735)\AndroidManifest.xml:163:19-67
intent-filter#action:name:cn.jiguang.user.service.action
ADDED from BeijingNews\JPushExample(1492735)\AndroidManifest.xml:165:18-167:34
action#cn.jiguang.user.service.action
ADDED from BeijingNews\JPushExample(1492735)\AndroidManifest.xml:166:22-78
	android:name
		ADDED from BeijingNews\JPushExample(1492735)\AndroidManifest.xml:166:30-75
receiver#com.example.jpushdemo.MyReceiver
ADDED from BeijingNews\JPushExample(1492735)\AndroidManifest.xml:172:9-184:20
	android:enabled
		ADDED from BeijingNews\JPushExample(1492735)\AndroidManifest.xml:175:13-35
	android:exported
		ADDED from BeijingNews\JPushExample(1492735)\AndroidManifest.xml:174:13-37
	android:name
		ADDED from BeijingNews\JPushExample(1492735)\AndroidManifest.xml:173:13-60
intent-filter#action:name:cn.jpush.android.intent.CONNECTION+action:name:cn.jpush.android.intent.MESSAGE_RECEIVED+action:name:cn.jpush.android.intent.NOTIFICATION_OPENED+action:name:cn.jpush.android.intent.NOTIFICATION_RECEIVED+action:name:cn.jpush.android.intent.REGISTRATION+category:name:android.pims.com.beijingnews
ADDED from BeijingNews\JPushExample(1492735)\AndroidManifest.xml:176:13-183:29
action#cn.jpush.android.intent.REGISTRATION
ADDED from BeijingNews\JPushExample(1492735)\AndroidManifest.xml:177:17-79
	android:name
		ADDED from BeijingNews\JPushExample(1492735)\AndroidManifest.xml:177:25-76
action#cn.jpush.android.intent.MESSAGE_RECEIVED
ADDED from BeijingNews\JPushExample(1492735)\AndroidManifest.xml:178:17-83
	android:name
		ADDED from BeijingNews\JPushExample(1492735)\AndroidManifest.xml:178:25-80
action#cn.jpush.android.intent.NOTIFICATION_RECEIVED
ADDED from BeijingNews\JPushExample(1492735)\AndroidManifest.xml:179:17-88
	android:name
		ADDED from BeijingNews\JPushExample(1492735)\AndroidManifest.xml:179:25-85
action#cn.jpush.android.intent.NOTIFICATION_OPENED
ADDED from BeijingNews\JPushExample(1492735)\AndroidManifest.xml:180:17-86
	android:name
		ADDED from BeijingNews\JPushExample(1492735)\AndroidManifest.xml:180:25-83
action#cn.jpush.android.intent.CONNECTION
ADDED from BeijingNews\JPushExample(1492735)\AndroidManifest.xml:181:17-77
	android:name
		ADDED from BeijingNews\JPushExample(1492735)\AndroidManifest.xml:181:25-74
receiver#com.example.jpushdemo.MyJPushMessageReceiver
ADDED from BeijingNews\JPushExample(1492735)\AndroidManifest.xml:187:9-192:20
	android:name
		ADDED from BeijingNews\JPushExample(1492735)\AndroidManifest.xml:187:19-78
intent-filter#action:name:cn.jpush.android.intent.RECEIVE_MESSAGE+category:name:android.pims.com.beijingnews
ADDED from BeijingNews\JPushExample(1492735)\AndroidManifest.xml:188:13-191:29
action#cn.jpush.android.intent.RECEIVE_MESSAGE
ADDED from BeijingNews\JPushExample(1492735)\AndroidManifest.xml:189:17-82
	android:name
		ADDED from BeijingNews\JPushExample(1492735)\AndroidManifest.xml:189:25-79
meta-data#JPUSH_CHANNEL
ADDED from BeijingNews\JPushExample(1492735)\AndroidManifest.xml:194:9-84
	android:value
		ADDED from BeijingNews\JPushExample(1492735)\AndroidManifest.xml:194:49-82
	android:name
		ADDED from BeijingNews\JPushExample(1492735)\AndroidManifest.xml:194:20-48
meta-data#JPUSH_APPKEY
ADDED from BeijingNews\JPushExample(1492735)\AndroidManifest.xml:195:9-91
	android:value
		ADDED from BeijingNews\JPushExample(1492735)\AndroidManifest.xml:195:48-88
	android:name
		ADDED from BeijingNews\JPushExample(1492735)\AndroidManifest.xml:195:20-47